12:06:51 INFO  : Processing command line option -hwspec /home/INTRA/guyild/workspace/lab2/vivado/lab2.sdk/Lab2_SoC_wrapper.hdf.
12:06:56 INFO  : Launching XSDB server: xsdb -n -s /cad/x_15/SDK/2015.1/scripts/xsdb/xsdb/xsdb-server.tcl 2450
12:06:57 INFO  : XSDB server has started successfully.
12:25:21 INFO  : Invoking Bootgen: bootgen -image output.bif -o /home/INTRA/guyild/workspace/lab2/sd-image/BOOT.BIN
12:25:21 INFO  : Creating new bif file /home/INTRA/guyild/workspace/lab2/sd-temp/output.bif
12:25:22 INFO  : Bootgen command execution is done.
16:40:52 INFO  : Processing command line option -hwspec /home/INTRA/guyild/workspace/lab2/vivado/lab2.sdk/Lab2_SoC_wrapper.hdf.
16:40:53 INFO  : Launching XSDB server: xsdb -n -s /cad/x_15/SDK/2015.1/scripts/xsdb/xsdb/xsdb-server.tcl 2450
16:40:53 INFO  : Checking for hwspec changes in the project Lab2_SoC_wrapper_hw_platform_0.
16:40:53 INFO  : SDK has detected change in the last modified timestamps for source hardware specification file Source:1457966373000,  Project:1457696680000
16:40:53 INFO  : The hardware specification for project 'Lab2_SoC_wrapper_hw_platform_0' is different from /home/INTRA/guyild/workspace/lab2/vivado/lab2.sdk/Lab2_SoC_wrapper.hdf.
16:40:53 INFO  : Copied contents of /home/INTRA/guyild/workspace/lab2/vivado/lab2.sdk/Lab2_SoC_wrapper.hdf into /Lab2_SoC_wrapper_hw_platform_0/system.hdf.
16:40:54 INFO  : XSDB server has started successfully.
16:40:58 INFO  : Synchronizing projects in the workspace with the hardware platform specification changes.
16:41:02 INFO  : 
16:41:02 INFO  : Updating hardware inferred compiler options for FSBL.
16:41:02 INFO  : Clearing existing target manager status.
16:41:05 INFO  : Closing and re-opening the MSS file of ther project FSBL_bsp
16:41:05 INFO  : Workspace synchronized with the new hardware specification file. Cleaning dependent projects...
16:52:12 INFO  : Invoking Bootgen: bootgen -image output.bif -o /home/INTRA/guyild/workspace/lab2/sd-image/BOOT.BIN -w on
16:52:12 INFO  : Overwriting existing bif file /home/INTRA/guyild/workspace/lab2/sd-temp/output.bif
16:52:13 INFO  : Bootgen command execution is done.
