#-----------------------------------------------------------
# Vivado v2015.1 (64-bit)
# SW Build 1215546 on Mon Apr 27 19:07:21 MDT 2015
# IP Build 1209967 on Tue Apr 21 11:39:20 MDT 2015
# Start of session at: Wed Mar 23 13:54:35 2016
# Process ID: 12419
# Log file: /home/INTRA/guyild/workspace/vivado.log
# Journal file: /home/INTRA/guyild/workspace/vivado.jou
#-----------------------------------------------------------
start_gui
open_project /home/INTRA/guyild/workspace/lab3/vivado/lab3.xpr
Scanning sources...
Finished scanning sources
INFO: [IP_Flow 19-234] Refreshing IP repositories
INFO: [IP_Flow 19-1700] Loaded user IP repository '/home/INTRA/guyild/workspace/lab3/ip_repo/MYMULTIPLIER_1.0'.
INFO: [IP_Flow 19-2313] Loaded Vivado IP repository '/cad/x_15/Vivado/2015.1/data/ip'.
open_project: Time (s): cpu = 00:00:17 ; elapsed = 00:00:07 . Memory (MB): peak = 5780.707 ; gain = 130.738 ; free physical = 11089 ; free virtual = 15611
file mkdir /home/INTRA/guyild/workspace/lab3/vivado/lab3.sdk
write_hwdef -force  -file /home/INTRA/guyild/workspace/lab3/vivado/lab3.sdk/Lab3_wrapper.hdf
file copy -force /home/INTRA/guyild/workspace/lab3/vivado/lab3.runs/impl_1/Lab3_wrapper.sysdef /home/INTRA/guyild/workspace/lab3/vivado/lab3.sdk/Lab3_wrapper.hdf

launch_sdk -workspace /home/INTRA/guyild/workspace/lab3/vivado/lab3.sdk -hwspec /home/INTRA/guyild/workspace/lab3/vivado/lab3.sdk/Lab3_wrapper.hdf
INFO: [Vivado 12-393] Launching SDK...
INFO: [Vivado 12-417] Running xsdk -workspace /home/INTRA/guyild/workspace/lab3/vivado/lab3.sdk -hwspec /home/INTRA/guyild/workspace/lab3/vivado/lab3.sdk/Lab3_wrapper.hdf
INFO: [Vivado 12-3157] SDK launch initiated. Please check console for any further messages.
