#-----------------------------------------------------------
# Webtalk v2015.1 (64-bit)
# SW Build 1215546 on Mon Apr 27 19:19:00 MDT 2015
# 
# Start of session at: Fri Mar 11 13:45:38 2016
# Process ID: 30070
# Log file: /home/INTRA/guyild/workspace/lab2/vivado/lab2.sdk/webtalk/webtalk.log
# Journal file: /home/INTRA/guyild/workspace/lab2/vivado/lab2.sdk/webtalk/webtalk.jou
#-----------------------------------------------------------
source sdk_webtalk.tcl
# webtalk_init -webtalk_dir /home/INTRA/guyild/workspace/lab2/vivado/lab2.sdk/webtalk
# webtalk_register_client -client project
# webtalk_add_data -client project -key date_generated -value "Fri Mar 11 13:45:38 2016" -context "software_version_and_target_device"
# webtalk_add_data -client project -key product_version -value "SDK v2015.1" -context "software_version_and_target_device"
# webtalk_add_data -client project -key build_version -value "2015.1" -context "software_version_and_target_device"
# webtalk_add_data -client project -key os_platform -value "amd64" -context "software_version_and_target_device"
# webtalk_add_data -client project -key registration_id -value "174123256_177724473_177724475_620" -context "software_version_and_target_device"
# webtalk_add_data -client project -key tool_flow -value "SDK" -context "software_version_and_target_device"
# webtalk_add_data -client project -key beta -value "false" -context "software_version_and_target_device"
# webtalk_add_data -client project -key route_design -value "NA" -context "software_version_and_target_device"
# webtalk_add_data -client project -key target_family -value "NA" -context "software_version_and_target_device"
# webtalk_add_data -client project -key target_device -value "NA" -context "software_version_and_target_device"
# webtalk_add_data -client project -key target_package -value "NA" -context "software_version_and_target_device"
# webtalk_add_data -client project -key target_speed -value "NA" -context "software_version_and_target_device"
# webtalk_add_data -client project -key random_id -value "e78rjaing4j1qmjrl4a6g35c9c" -context "software_version_and_target_device"
# webtalk_add_data -client project -key project_id -value "2015.1_1" -context "software_version_and_target_device"
# webtalk_add_data -client project -key project_iteration -value "1" -context "software_version_and_target_device"
# webtalk_add_data -client project -key os_name -value "SUSE LINUX" -context "user_environment"
# webtalk_add_data -client project -key os_release -value "openSUSE Leap 42.1 (x86_64)" -context "user_environment"
# webtalk_add_data -client project -key cpu_name -value "Intel(R) Core(TM) i5-3470T CPU @ 2.90GHz" -context "user_environment"
# webtalk_add_data -client project -key cpu_speed -value "1858.492 MHz" -context "user_environment"
# webtalk_add_data -client project -key total_processors -value "1" -context "user_environment"
# webtalk_add_data -client project -key system_ram -value "16.000 GB" -context "user_environment"
# webtalk_register_client -client sdk
# webtalk_add_data -client sdk -key uid -value "1457690818000" -context "sdk\\\\hardware/1457690818000"
# webtalk_add_data -client sdk -key isZynq -value "true" -context "sdk\\\\hardware/1457690818000"
# webtalk_add_data -client sdk -key Processors -value "2" -context "sdk\\\\hardware/1457690818000"
# webtalk_add_data -client sdk -key VivadoVersion -value "2015.1" -context "sdk\\\\hardware/1457690818000"
# webtalk_add_data -client sdk -key Arch -value "zynq" -context "sdk\\\\hardware/1457690818000"
# webtalk_add_data -client sdk -key Device -value "7z020" -context "sdk\\\\hardware/1457690818000"
# webtalk_add_data -client sdk -key IsHandoff -value "true" -context "sdk\\\\hardware/1457690818000"
# webtalk_add_data -client sdk -key uid -value "1457691271000" -context "sdk\\\\bsp/1457691271000"
# webtalk_add_data -client sdk -key hwid -value "1457690818000" -context "sdk\\\\bsp/1457691271000"
# webtalk_add_data -client sdk -key os -value "standalone" -context "sdk\\\\bsp/1457691271000"
# webtalk_add_data -client sdk -key apptemplate -value "zynq_fsbl" -context "sdk\\\\bsp/1457691271000"
# webtalk_add_data -client sdk -key uid -value "1457691286000" -context "sdk\\\\application/1457691286000"
# webtalk_add_data -client sdk -key hwid -value "1457690818000" -context "sdk\\\\application/1457691286000"
# webtalk_add_data -client sdk -key bspid -value "1457691271000" -context "sdk\\\\application/1457691286000"
# webtalk_add_data -client sdk -key newbsp -value "true" -context "sdk\\\\application/1457691286000"
# webtalk_add_data -client sdk -key os -value "standalone" -context "sdk\\\\application/1457691286000"
# webtalk_add_data -client sdk -key apptemplate -value "zynq_fsbl" -context "sdk\\\\application/1457691286000"
# webtalk_transmit -clientid 2565543143 -regid "174123256_177724473_177724475_620" -xml /home/INTRA/guyild/workspace/lab2/vivado/lab2.sdk/webtalk/usage_statistics_ext_sdk.xml -html /home/INTRA/guyild/workspace/lab2/vivado/lab2.sdk/webtalk/usage_statistics_ext_sdk.html -wdm /home/INTRA/guyild/workspace/lab2/vivado/lab2.sdk/webtalk/sdk_webtalk.wdm -intro "<H3>SDK Usage Report</H3><BR>"

    while executing
"webtalk_transmit -clientid 2565543143 -regid "174123256_177724473_177724475_620" -xml /home/INTRA/guyild/workspace/lab2/vivado/lab2.sdk/webtalk/usage_..."
    (file "sdk_webtalk.tcl" line 42)
INFO: [Common 17-206] Exiting Webtalk at Fri Mar 11 13:45:38 2016...
