13:56:01 INFO  : Processing command line option -hwspec /home/INTRA/guyild/workspace/lab3/vivado/lab3.sdk/Lab3_wrapper.hdf.
13:56:06 INFO  : Launching XSDB server: xsdb -n -s /cad/x_15/SDK/2015.1/scripts/xsdb/xsdb/xsdb-server.tcl 2450
13:56:07 INFO  : XSDB server has started successfully.
14:07:27 INFO  : Connected to target on host '127.0.0.1' and port '3121'.
14:07:27 INFO  : 'targets -set -filter {jtag_cable_name =~ "Digilent Zed 210248570491" && level==0} -index 1' command is executed.
14:07:30 INFO  : FPGA configured successfully with bitstream "/home/INTRA/guyild/workspace/lab3/vivado/lab3.sdk/Lab3_wrapper_hw_platform_0/Lab3_wrapper.bit"
14:08:21 INFO  : Connected to target on host '127.0.0.1' and port '3121'.
14:08:21 INFO  : 'targets -set -filter {jtag_cable_name =~ "Digilent Zed 210248570491" && level==0} -index 1' command is executed.
14:08:21 INFO  : 'fpga -state' command is executed.
14:08:21 INFO  : Connected to target on host '127.0.0.1' and port '3121'.
14:08:21 INFO  : 'targets -set -filter {name =~"APU" && jtag_cable_name =~ "Digilent Zed 210248570491"} -index 0' command is executed.
14:08:25 INFO  : Mermory regions for PS have been updated.
14:08:25 INFO  : Sourcing of '/home/INTRA/guyild/workspace/lab3/vivado/lab3.sdk/Lab3_wrapper_hw_platform_0/ps7_init.tcl' is done.
14:08:25 INFO  : 'targets -set -filter {name =~"APU" && jtag_cable_name =~ "Digilent Zed 210248570491"} -index 0' command is executed.
14:08:25 INFO  : 'ps7_init' command is executed.
14:08:26 INFO  : 'ps7_post_config' command is executed.
14:08:26 INFO  : Context for processor 'ps7_cortexa9_0' is selected.
14:08:26 INFO  : Processor reset is completed for 'ps7_cortexa9_0'.
14:08:26 INFO  : Context for processor 'ps7_cortexa9_0' is selected.
14:08:26 INFO  : The application '/home/INTRA/guyild/workspace/lab3/vivado/lab3.sdk/HelloWorld/Debug/HelloWorld.elf' is downloaded to processor 'ps7_cortexa9_0'.
14:08:26 INFO  : ----------------XSDB Script----------------
connect -url tcp:127.0.0.1:3121
targets -set -filter {name =~"APU" && jtag_cable_name =~ "Digilent Zed 210248570491"} -index 0
memmap -addr 1136656384 -size 65536 -flags 3
memmap -addr 4160782336 -size 4096 -flags 3
memmap -addr 4160786432 -size 4096 -flags 3
memmap -addr 4160790528 -size 4096 -flags 3
memmap -addr 4160794624 -size 4096 -flags 3
memmap -addr 4169138176 -size 1048576 -flags 3
memmap -addr 1048576 -size 535822336 -flags 3
memmap -addr 4160774144 -size 4096 -flags 3
memmap -addr 4160778240 -size 256 -flags 3
memmap -addr 4160765952 -size 4096 -flags 3
memmap -addr 4160761856 -size 4096 -flags 3
memmap -addr 3758141440 -size 4096 -flags 3
memmap -addr 4176478720 -size 256 -flags 3
memmap -addr 3758137344 -size 4096 -flags 3
memmap -addr 4170186752 -size 1048576 -flags 3
memmap -addr 4176482304 -size 4096 -flags 3
memmap -addr 3760193536 -size 4096 -flags 3
memmap -addr 4176486400 -size 4096 -flags 3
memmap -addr 4160798720 -size 4096 -flags 3
memmap -addr 4176486400 -size 4096 -flags 3
memmap -addr 4169732096 -size 4096 -flags 3
memmap -addr 3758149632 -size 4096 -flags 3
memmap -addr 4227858432 -size 16777216 -flags 3
memmap -addr 0 -size 196608 -flags 3
memmap -addr 4294901760 -size 65024 -flags 3
memmap -addr 4176478208 -size 253 -flags 3
memmap -addr 4176482304 -size 4096 -flags 3
memmap -addr 4176479744 -size 32 -flags 3
memmap -addr 4176479776 -size 224 -flags 3
memmap -addr 3759144960 -size 4096 -flags 3
memmap -addr 4160749568 -size 4096 -flags 3
memmap -addr 4160753664 -size 4096 -flags 3
memmap -addr 3758100480 -size 4096 -flags 3
memmap -addr 3758104576 -size 4096 -flags 3
memmap -addr 4160778496 -size 33 -flags 3
source /home/INTRA/guyild/workspace/lab3/vivado/lab3.sdk/Lab3_wrapper_hw_platform_0/ps7_init.tcl
targets -set -filter {name =~"APU" && jtag_cable_name =~ "Digilent Zed 210248570491"} -index 0
ps7_init
ps7_post_config
targets -set -nocase -filter {name =~ "ARM*#0" && jtag_cable_name =~ "Digilent Zed 210248570491"} -index 0
rst -processor
targets -set -nocase -filter {name =~ "ARM*#0" && jtag_cable_name =~ "Digilent Zed 210248570491"} -index 0
dow /home/INTRA/guyild/workspace/lab3/vivado/lab3.sdk/HelloWorld/Debug/HelloWorld.elf
----------------End of Script----------------

14:08:26 INFO  : Memory regions updated for context APU
14:08:27 INFO  : Context for processor 'ps7_cortexa9_0' is selected.
14:08:27 INFO  : 'con' command is executed.
14:08:27 INFO  : ----------------XSDB Script (After Launch)----------------
targets -set -nocase -filter {name =~ "ARM*#0" && jtag_cable_name =~ "Digilent Zed 210248570491"} -index 0
con
----------------End of Script----------------

14:13:06 INFO  : Connected to target on host '127.0.0.1' and port '3121'.
14:13:06 INFO  : 'targets -set -filter {jtag_cable_name =~ "Digilent Zed 210248570491" && level==0} -index 1' command is executed.
14:13:09 INFO  : FPGA configured successfully with bitstream "/home/INTRA/guyild/workspace/lab3/vivado/lab3.sdk/Lab3_wrapper_hw_platform_0/Lab3_wrapper.bit"
14:13:19 INFO  : Connected to target on host '127.0.0.1' and port '3121'.
14:13:19 INFO  : 'targets -set -filter {jtag_cable_name =~ "Digilent Zed 210248570491" && level==0} -index 1' command is executed.
14:13:19 INFO  : 'fpga -state' command is executed.
14:13:19 INFO  : Connected to target on host '127.0.0.1' and port '3121'.
14:13:19 INFO  : 'targets -set -filter {name =~"APU" && jtag_cable_name =~ "Digilent Zed 210248570491"} -index 0' command is executed.
14:13:23 INFO  : Mermory regions for PS have been updated.
14:13:23 INFO  : Sourcing of '/home/INTRA/guyild/workspace/lab3/vivado/lab3.sdk/Lab3_wrapper_hw_platform_0/ps7_init.tcl' is done.
14:13:23 INFO  : 'targets -set -filter {name =~"APU" && jtag_cable_name =~ "Digilent Zed 210248570491"} -index 0' command is executed.
14:13:24 INFO  : 'ps7_init' command is executed.
14:13:24 INFO  : 'ps7_post_config' command is executed.
14:13:24 INFO  : Context for processor 'ps7_cortexa9_0' is selected.
14:13:24 INFO  : Processor reset is completed for 'ps7_cortexa9_0'.
14:13:25 INFO  : Context for processor 'ps7_cortexa9_0' is selected.
14:13:25 INFO  : The application '/home/INTRA/guyild/workspace/lab3/vivado/lab3.sdk/HelloMultiplier/Debug/HelloMultiplier.elf' is downloaded to processor 'ps7_cortexa9_0'.
14:13:25 INFO  : ----------------XSDB Script----------------
connect -url tcp:127.0.0.1:3121
targets -set -filter {name =~"APU" && jtag_cable_name =~ "Digilent Zed 210248570491"} -index 0
memmap -addr 1136656384 -size 65536 -flags 3
memmap -addr 4160782336 -size 4096 -flags 3
memmap -addr 4160786432 -size 4096 -flags 3
memmap -addr 4160790528 -size 4096 -flags 3
memmap -addr 4160794624 -size 4096 -flags 3
memmap -addr 4169138176 -size 1048576 -flags 3
memmap -addr 1048576 -size 535822336 -flags 3
memmap -addr 4160774144 -size 4096 -flags 3
memmap -addr 4160778240 -size 256 -flags 3
memmap -addr 4160765952 -size 4096 -flags 3
memmap -addr 4160761856 -size 4096 -flags 3
memmap -addr 3758141440 -size 4096 -flags 3
memmap -addr 4176478720 -size 256 -flags 3
memmap -addr 3758137344 -size 4096 -flags 3
memmap -addr 4170186752 -size 1048576 -flags 3
memmap -addr 4176482304 -size 4096 -flags 3
memmap -addr 3760193536 -size 4096 -flags 3
memmap -addr 4176486400 -size 4096 -flags 3
memmap -addr 4160798720 -size 4096 -flags 3
memmap -addr 4176486400 -size 4096 -flags 3
memmap -addr 4169732096 -size 4096 -flags 3
memmap -addr 3758149632 -size 4096 -flags 3
memmap -addr 4227858432 -size 16777216 -flags 3
memmap -addr 0 -size 196608 -flags 3
memmap -addr 4294901760 -size 65024 -flags 3
memmap -addr 4176478208 -size 253 -flags 3
memmap -addr 4176482304 -size 4096 -flags 3
memmap -addr 4176479744 -size 32 -flags 3
memmap -addr 4176479776 -size 224 -flags 3
memmap -addr 3759144960 -size 4096 -flags 3
memmap -addr 4160749568 -size 4096 -flags 3
memmap -addr 4160753664 -size 4096 -flags 3
memmap -addr 3758100480 -size 4096 -flags 3
memmap -addr 3758104576 -size 4096 -flags 3
memmap -addr 4160778496 -size 33 -flags 3
source /home/INTRA/guyild/workspace/lab3/vivado/lab3.sdk/Lab3_wrapper_hw_platform_0/ps7_init.tcl
targets -set -filter {name =~"APU" && jtag_cable_name =~ "Digilent Zed 210248570491"} -index 0
ps7_init
ps7_post_config
targets -set -nocase -filter {name =~ "ARM*#0" && jtag_cable_name =~ "Digilent Zed 210248570491"} -index 0
rst -processor
targets -set -nocase -filter {name =~ "ARM*#0" && jtag_cable_name =~ "Digilent Zed 210248570491"} -index 0
dow /home/INTRA/guyild/workspace/lab3/vivado/lab3.sdk/HelloMultiplier/Debug/HelloMultiplier.elf
----------------End of Script----------------

14:13:25 INFO  : Memory regions updated for context APU
14:13:25 INFO  : Context for processor 'ps7_cortexa9_0' is selected.
14:13:25 INFO  : 'con' command is executed.
14:13:25 INFO  : ----------------XSDB Script (After Launch)----------------
targets -set -nocase -filter {name =~ "ARM*#0" && jtag_cable_name =~ "Digilent Zed 210248570491"} -index 0
con
----------------End of Script----------------

14:15:39 INFO  : Example project HelloIRQ_bsp_xscugic_example_1 has been created successfully.
14:41:47 INFO  : Connected to target on host '127.0.0.1' and port '3121'.
14:41:47 INFO  : 'targets -set -filter {jtag_cable_name =~ "Digilent Zed 210248570491" && level==0} -index 1' command is executed.
14:41:50 INFO  : FPGA configured successfully with bitstream "/home/INTRA/guyild/workspace/lab3/vivado/lab3.sdk/Lab3_wrapper_hw_platform_0/Lab3_wrapper.bit"
14:42:15 INFO  : Connected to target on host '127.0.0.1' and port '3121'.
14:42:15 INFO  : 'targets -set -filter {jtag_cable_name =~ "Digilent Zed 210248570491" && level==0} -index 1' command is executed.
14:42:18 INFO  : FPGA configured successfully with bitstream "/home/INTRA/guyild/workspace/lab3/vivado/lab3.sdk/Lab3_wrapper_hw_platform_0/Lab3_wrapper.bit"
14:42:26 INFO  : Connected to target on host '127.0.0.1' and port '3121'.
14:42:26 INFO  : 'targets -set -filter {jtag_cable_name =~ "Digilent Zed 210248570491" && level==0} -index 1' command is executed.
14:42:26 INFO  : 'fpga -state' command is executed.
14:42:26 INFO  : Connected to target on host '127.0.0.1' and port '3121'.
14:42:26 INFO  : 'targets -set -filter {name =~"APU" && jtag_cable_name =~ "Digilent Zed 210248570491"} -index 0' command is executed.
14:42:30 INFO  : Mermory regions for PS have been updated.
14:42:30 INFO  : Sourcing of '/home/INTRA/guyild/workspace/lab3/vivado/lab3.sdk/Lab3_wrapper_hw_platform_0/ps7_init.tcl' is done.
14:42:30 INFO  : 'targets -set -filter {name =~"APU" && jtag_cable_name =~ "Digilent Zed 210248570491"} -index 0' command is executed.
14:42:31 INFO  : 'ps7_init' command is executed.
14:42:31 INFO  : 'ps7_post_config' command is executed.
14:42:31 INFO  : Context for processor 'ps7_cortexa9_0' is selected.
14:42:31 INFO  : Processor reset is completed for 'ps7_cortexa9_0'.
14:42:31 INFO  : Context for processor 'ps7_cortexa9_0' is selected.
14:42:31 INFO  : The application '/home/INTRA/guyild/workspace/lab3/vivado/lab3.sdk/HelloIRQ_bsp_xscugic_example_1/Debug/HelloIRQ_bsp_xscugic_example_1.elf' is downloaded to processor 'ps7_cortexa9_0'.
14:42:31 INFO  : ----------------XSDB Script----------------
connect -url tcp:127.0.0.1:3121
targets -set -filter {name =~"APU" && jtag_cable_name =~ "Digilent Zed 210248570491"} -index 0
memmap -addr 1136656384 -size 65536 -flags 3
memmap -addr 4160782336 -size 4096 -flags 3
memmap -addr 4160786432 -size 4096 -flags 3
memmap -addr 4160790528 -size 4096 -flags 3
memmap -addr 4160794624 -size 4096 -flags 3
memmap -addr 4169138176 -size 1048576 -flags 3
memmap -addr 1048576 -size 535822336 -flags 3
memmap -addr 4160774144 -size 4096 -flags 3
memmap -addr 4160778240 -size 256 -flags 3
memmap -addr 4160765952 -size 4096 -flags 3
memmap -addr 4160761856 -size 4096 -flags 3
memmap -addr 3758141440 -size 4096 -flags 3
memmap -addr 4176478720 -size 256 -flags 3
memmap -addr 3758137344 -size 4096 -flags 3
memmap -addr 4170186752 -size 1048576 -flags 3
memmap -addr 4176482304 -size 4096 -flags 3
memmap -addr 3760193536 -size 4096 -flags 3
memmap -addr 4176486400 -size 4096 -flags 3
memmap -addr 4160798720 -size 4096 -flags 3
memmap -addr 4176486400 -size 4096 -flags 3
memmap -addr 4169732096 -size 4096 -flags 3
memmap -addr 3758149632 -size 4096 -flags 3
memmap -addr 4227858432 -size 16777216 -flags 3
memmap -addr 0 -size 196608 -flags 3
memmap -addr 4294901760 -size 65024 -flags 3
memmap -addr 4176478208 -size 253 -flags 3
memmap -addr 4176482304 -size 4096 -flags 3
memmap -addr 4176479744 -size 32 -flags 3
memmap -addr 4176479776 -size 224 -flags 3
memmap -addr 3759144960 -size 4096 -flags 3
memmap -addr 4160749568 -size 4096 -flags 3
memmap -addr 4160753664 -size 4096 -flags 3
memmap -addr 3758100480 -size 4096 -flags 3
memmap -addr 3758104576 -size 4096 -flags 3
memmap -addr 4160778496 -size 33 -flags 3
source /home/INTRA/guyild/workspace/lab3/vivado/lab3.sdk/Lab3_wrapper_hw_platform_0/ps7_init.tcl
targets -set -filter {name =~"APU" && jtag_cable_name =~ "Digilent Zed 210248570491"} -index 0
ps7_init
ps7_post_config
targets -set -nocase -filter {name =~ "ARM*#0" && jtag_cable_name =~ "Digilent Zed 210248570491"} -index 0
rst -processor
targets -set -nocase -filter {name =~ "ARM*#0" && jtag_cable_name =~ "Digilent Zed 210248570491"} -index 0
dow /home/INTRA/guyild/workspace/lab3/vivado/lab3.sdk/HelloIRQ_bsp_xscugic_example_1/Debug/HelloIRQ_bsp_xscugic_example_1.elf
----------------End of Script----------------

14:42:31 INFO  : Memory regions updated for context APU
14:42:32 INFO  : Context for processor 'ps7_cortexa9_0' is selected.
14:42:32 INFO  : 'con' command is executed.
14:42:32 INFO  : ----------------XSDB Script (After Launch)----------------
targets -set -nocase -filter {name =~ "ARM*#0" && jtag_cable_name =~ "Digilent Zed 210248570491"} -index 0
con
----------------End of Script----------------

14:45:33 INFO  : Connected to target on host '127.0.0.1' and port '3121'.
14:45:33 INFO  : 'targets -set -filter {jtag_cable_name =~ "Digilent Zed 210248570491" && level==0} -index 1' command is executed.
14:45:36 INFO  : FPGA configured successfully with bitstream "/home/INTRA/guyild/workspace/lab3/vivado/lab3.sdk/Lab3_wrapper_hw_platform_0/Lab3_wrapper.bit"
14:46:26 INFO  : Connected to target on host '127.0.0.1' and port '3121'.
14:46:26 INFO  : 'targets -set -filter {jtag_cable_name =~ "Digilent Zed 210248570491" && level==0} -index 1' command is executed.
14:46:26 INFO  : 'fpga -state' command is executed.
14:46:26 INFO  : Connected to target on host '127.0.0.1' and port '3121'.
14:46:26 INFO  : 'targets -set -filter {name =~"APU" && jtag_cable_name =~ "Digilent Zed 210248570491"} -index 0' command is executed.
14:46:30 INFO  : Mermory regions for PS have been updated.
14:46:30 INFO  : Sourcing of '/home/INTRA/guyild/workspace/lab3/vivado/lab3.sdk/Lab3_wrapper_hw_platform_0/ps7_init.tcl' is done.
14:46:30 INFO  : 'targets -set -filter {name =~"APU" && jtag_cable_name =~ "Digilent Zed 210248570491"} -index 0' command is executed.
14:46:31 INFO  : 'ps7_init' command is executed.
14:46:31 INFO  : 'ps7_post_config' command is executed.
14:46:31 INFO  : Context for processor 'ps7_cortexa9_0' is selected.
14:46:31 INFO  : Processor reset is completed for 'ps7_cortexa9_0'.
14:46:32 INFO  : Context for processor 'ps7_cortexa9_0' is selected.
14:46:32 INFO  : The application '/home/INTRA/guyild/workspace/lab3/vivado/lab3.sdk/HelloMultiplierIRQ/Debug/HelloMultiplierIRQ.elf' is downloaded to processor 'ps7_cortexa9_0'.
14:46:32 INFO  : ----------------XSDB Script----------------
connect -url tcp:127.0.0.1:3121
targets -set -filter {name =~"APU" && jtag_cable_name =~ "Digilent Zed 210248570491"} -index 0
memmap -addr 1136656384 -size 65536 -flags 3
memmap -addr 4160782336 -size 4096 -flags 3
memmap -addr 4160786432 -size 4096 -flags 3
memmap -addr 4160790528 -size 4096 -flags 3
memmap -addr 4160794624 -size 4096 -flags 3
memmap -addr 4169138176 -size 1048576 -flags 3
memmap -addr 1048576 -size 535822336 -flags 3
memmap -addr 4160774144 -size 4096 -flags 3
memmap -addr 4160778240 -size 256 -flags 3
memmap -addr 4160765952 -size 4096 -flags 3
memmap -addr 4160761856 -size 4096 -flags 3
memmap -addr 3758141440 -size 4096 -flags 3
memmap -addr 4176478720 -size 256 -flags 3
memmap -addr 3758137344 -size 4096 -flags 3
memmap -addr 4170186752 -size 1048576 -flags 3
memmap -addr 4176482304 -size 4096 -flags 3
memmap -addr 3760193536 -size 4096 -flags 3
memmap -addr 4176486400 -size 4096 -flags 3
memmap -addr 4160798720 -size 4096 -flags 3
memmap -addr 4176486400 -size 4096 -flags 3
memmap -addr 4169732096 -size 4096 -flags 3
memmap -addr 3758149632 -size 4096 -flags 3
memmap -addr 4227858432 -size 16777216 -flags 3
memmap -addr 0 -size 196608 -flags 3
memmap -addr 4294901760 -size 65024 -flags 3
memmap -addr 4176478208 -size 253 -flags 3
memmap -addr 4176482304 -size 4096 -flags 3
memmap -addr 4176479744 -size 32 -flags 3
memmap -addr 4176479776 -size 224 -flags 3
memmap -addr 3759144960 -size 4096 -flags 3
memmap -addr 4160749568 -size 4096 -flags 3
memmap -addr 4160753664 -size 4096 -flags 3
memmap -addr 3758100480 -size 4096 -flags 3
memmap -addr 3758104576 -size 4096 -flags 3
memmap -addr 4160778496 -size 33 -flags 3
source /home/INTRA/guyild/workspace/lab3/vivado/lab3.sdk/Lab3_wrapper_hw_platform_0/ps7_init.tcl
targets -set -filter {name =~"APU" && jtag_cable_name =~ "Digilent Zed 210248570491"} -index 0
ps7_init
ps7_post_config
targets -set -nocase -filter {name =~ "ARM*#0" && jtag_cable_name =~ "Digilent Zed 210248570491"} -index 0
rst -processor
targets -set -nocase -filter {name =~ "ARM*#0" && jtag_cable_name =~ "Digilent Zed 210248570491"} -index 0
dow /home/INTRA/guyild/workspace/lab3/vivado/lab3.sdk/HelloMultiplierIRQ/Debug/HelloMultiplierIRQ.elf
----------------End of Script----------------

14:46:32 INFO  : Memory regions updated for context APU
14:46:32 INFO  : Context for processor 'ps7_cortexa9_0' is selected.
14:46:32 INFO  : 'con' command is executed.
14:46:32 INFO  : ----------------XSDB Script (After Launch)----------------
targets -set -nocase -filter {name =~ "ARM*#0" && jtag_cable_name =~ "Digilent Zed 210248570491"} -index 0
con
----------------End of Script----------------

14:47:31 INFO  : Connected to target on host '127.0.0.1' and port '3121'.
14:47:31 INFO  : 'targets -set -filter {jtag_cable_name =~ "Digilent Zed 210248570491" && level==0} -index 1' command is executed.
14:47:33 INFO  : FPGA configured successfully with bitstream "/home/INTRA/guyild/workspace/lab3/vivado/lab3.sdk/Lab3_wrapper_hw_platform_0/Lab3_wrapper.bit"
14:47:44 INFO  : Disconnected from the channel tcfchan#1.
14:47:44 INFO  : Connected to target on host '127.0.0.1' and port '3121'.
14:47:44 INFO  : 'targets -set -filter {jtag_cable_name =~ "Digilent Zed 210248570491" && level==0} -index 1' command is executed.
14:47:44 INFO  : 'fpga -state' command is executed.
14:47:44 INFO  : Connected to target on host '127.0.0.1' and port '3121'.
14:47:45 INFO  : 'targets -set -filter {name =~"APU" && jtag_cable_name =~ "Digilent Zed 210248570491"} -index 0' command is executed.
14:47:48 INFO  : Mermory regions for PS have been updated.
14:47:48 INFO  : Sourcing of '/home/INTRA/guyild/workspace/lab3/vivado/lab3.sdk/Lab3_wrapper_hw_platform_0/ps7_init.tcl' is done.
14:47:48 INFO  : 'targets -set -filter {name =~"APU" && jtag_cable_name =~ "Digilent Zed 210248570491"} -index 0' command is executed.
14:47:49 INFO  : 'ps7_init' command is executed.
14:47:49 INFO  : 'ps7_post_config' command is executed.
14:47:49 INFO  : Context for processor 'ps7_cortexa9_0' is selected.
14:47:49 INFO  : Processor reset is completed for 'ps7_cortexa9_0'.
14:47:50 INFO  : Context for processor 'ps7_cortexa9_0' is selected.
14:47:50 INFO  : The application '/home/INTRA/guyild/workspace/lab3/vivado/lab3.sdk/HelloMultiplierIRQ/Debug/HelloMultiplierIRQ.elf' is downloaded to processor 'ps7_cortexa9_0'.
14:47:50 INFO  : ----------------XSDB Script----------------
connect -url tcp:127.0.0.1:3121
targets -set -filter {name =~"APU" && jtag_cable_name =~ "Digilent Zed 210248570491"} -index 0
memmap -addr 1136656384 -size 65536 -flags 3
memmap -addr 4160782336 -size 4096 -flags 3
memmap -addr 4160786432 -size 4096 -flags 3
memmap -addr 4160790528 -size 4096 -flags 3
memmap -addr 4160794624 -size 4096 -flags 3
memmap -addr 4169138176 -size 1048576 -flags 3
memmap -addr 1048576 -size 535822336 -flags 3
memmap -addr 4160774144 -size 4096 -flags 3
memmap -addr 4160778240 -size 256 -flags 3
memmap -addr 4160765952 -size 4096 -flags 3
memmap -addr 4160761856 -size 4096 -flags 3
memmap -addr 3758141440 -size 4096 -flags 3
memmap -addr 4176478720 -size 256 -flags 3
memmap -addr 3758137344 -size 4096 -flags 3
memmap -addr 4170186752 -size 1048576 -flags 3
memmap -addr 4176482304 -size 4096 -flags 3
memmap -addr 3760193536 -size 4096 -flags 3
memmap -addr 4176486400 -size 4096 -flags 3
memmap -addr 4160798720 -size 4096 -flags 3
memmap -addr 4176486400 -size 4096 -flags 3
memmap -addr 4169732096 -size 4096 -flags 3
memmap -addr 3758149632 -size 4096 -flags 3
memmap -addr 4227858432 -size 16777216 -flags 3
memmap -addr 0 -size 196608 -flags 3
memmap -addr 4294901760 -size 65024 -flags 3
memmap -addr 4176478208 -size 253 -flags 3
memmap -addr 4176482304 -size 4096 -flags 3
memmap -addr 4176479744 -size 32 -flags 3
memmap -addr 4176479776 -size 224 -flags 3
memmap -addr 3759144960 -size 4096 -flags 3
memmap -addr 4160749568 -size 4096 -flags 3
memmap -addr 4160753664 -size 4096 -flags 3
memmap -addr 3758100480 -size 4096 -flags 3
memmap -addr 3758104576 -size 4096 -flags 3
memmap -addr 4160778496 -size 33 -flags 3
source /home/INTRA/guyild/workspace/lab3/vivado/lab3.sdk/Lab3_wrapper_hw_platform_0/ps7_init.tcl
targets -set -filter {name =~"APU" && jtag_cable_name =~ "Digilent Zed 210248570491"} -index 0
ps7_init
ps7_post_config
targets -set -nocase -filter {name =~ "ARM*#0" && jtag_cable_name =~ "Digilent Zed 210248570491"} -index 0
rst -processor
targets -set -nocase -filter {name =~ "ARM*#0" && jtag_cable_name =~ "Digilent Zed 210248570491"} -index 0
dow /home/INTRA/guyild/workspace/lab3/vivado/lab3.sdk/HelloMultiplierIRQ/Debug/HelloMultiplierIRQ.elf
----------------End of Script----------------

14:47:50 INFO  : Memory regions updated for context APU
14:47:50 INFO  : Context for processor 'ps7_cortexa9_0' is selected.
14:47:50 INFO  : 'con' command is executed.
14:47:50 INFO  : ----------------XSDB Script (After Launch)----------------
targets -set -nocase -filter {name =~ "ARM*#0" && jtag_cable_name =~ "Digilent Zed 210248570491"} -index 0
con
----------------End of Script----------------

14:48:28 INFO  : Disconnected from the channel tcfchan#2.
14:48:28 INFO  : Connected to target on host '127.0.0.1' and port '3121'.
14:48:28 INFO  : 'targets -set -filter {jtag_cable_name =~ "Digilent Zed 210248570491" && level==0} -index 1' command is executed.
14:48:28 INFO  : 'fpga -state' command is executed.
14:48:28 INFO  : Connected to target on host '127.0.0.1' and port '3121'.
14:48:28 INFO  : 'targets -set -filter {name =~"APU" && jtag_cable_name =~ "Digilent Zed 210248570491"} -index 0' command is executed.
14:48:32 INFO  : Mermory regions for PS have been updated.
14:48:32 INFO  : Sourcing of '/home/INTRA/guyild/workspace/lab3/vivado/lab3.sdk/Lab3_wrapper_hw_platform_0/ps7_init.tcl' is done.
14:48:32 INFO  : 'targets -set -filter {name =~"APU" && jtag_cable_name =~ "Digilent Zed 210248570491"} -index 0' command is executed.
14:48:33 INFO  : 'ps7_init' command is executed.
14:48:33 INFO  : 'ps7_post_config' command is executed.
14:48:33 INFO  : Context for processor 'ps7_cortexa9_0' is selected.
14:48:33 INFO  : Processor reset is completed for 'ps7_cortexa9_0'.
14:48:34 INFO  : Context for processor 'ps7_cortexa9_0' is selected.
14:48:34 INFO  : The application '/home/INTRA/guyild/workspace/lab3/vivado/lab3.sdk/HelloMultiplierIRQ/Debug/HelloMultiplierIRQ.elf' is downloaded to processor 'ps7_cortexa9_0'.
14:48:34 INFO  : ----------------XSDB Script----------------
connect -url tcp:127.0.0.1:3121
targets -set -filter {name =~"APU" && jtag_cable_name =~ "Digilent Zed 210248570491"} -index 0
memmap -addr 1136656384 -size 65536 -flags 3
memmap -addr 4160782336 -size 4096 -flags 3
memmap -addr 4160786432 -size 4096 -flags 3
memmap -addr 4160790528 -size 4096 -flags 3
memmap -addr 4160794624 -size 4096 -flags 3
memmap -addr 4169138176 -size 1048576 -flags 3
memmap -addr 1048576 -size 535822336 -flags 3
memmap -addr 4160774144 -size 4096 -flags 3
memmap -addr 4160778240 -size 256 -flags 3
memmap -addr 4160765952 -size 4096 -flags 3
memmap -addr 4160761856 -size 4096 -flags 3
memmap -addr 3758141440 -size 4096 -flags 3
memmap -addr 4176478720 -size 256 -flags 3
memmap -addr 3758137344 -size 4096 -flags 3
memmap -addr 4170186752 -size 1048576 -flags 3
memmap -addr 4176482304 -size 4096 -flags 3
memmap -addr 3760193536 -size 4096 -flags 3
memmap -addr 4176486400 -size 4096 -flags 3
memmap -addr 4160798720 -size 4096 -flags 3
memmap -addr 4176486400 -size 4096 -flags 3
memmap -addr 4169732096 -size 4096 -flags 3
memmap -addr 3758149632 -size 4096 -flags 3
memmap -addr 4227858432 -size 16777216 -flags 3
memmap -addr 0 -size 196608 -flags 3
memmap -addr 4294901760 -size 65024 -flags 3
memmap -addr 4176478208 -size 253 -flags 3
memmap -addr 4176482304 -size 4096 -flags 3
memmap -addr 4176479744 -size 32 -flags 3
memmap -addr 4176479776 -size 224 -flags 3
memmap -addr 3759144960 -size 4096 -flags 3
memmap -addr 4160749568 -size 4096 -flags 3
memmap -addr 4160753664 -size 4096 -flags 3
memmap -addr 3758100480 -size 4096 -flags 3
memmap -addr 3758104576 -size 4096 -flags 3
memmap -addr 4160778496 -size 33 -flags 3
source /home/INTRA/guyild/workspace/lab3/vivado/lab3.sdk/Lab3_wrapper_hw_platform_0/ps7_init.tcl
targets -set -filter {name =~"APU" && jtag_cable_name =~ "Digilent Zed 210248570491"} -index 0
ps7_init
ps7_post_config
targets -set -nocase -filter {name =~ "ARM*#0" && jtag_cable_name =~ "Digilent Zed 210248570491"} -index 0
rst -processor
targets -set -nocase -filter {name =~ "ARM*#0" && jtag_cable_name =~ "Digilent Zed 210248570491"} -index 0
dow /home/INTRA/guyild/workspace/lab3/vivado/lab3.sdk/HelloMultiplierIRQ/Debug/HelloMultiplierIRQ.elf
----------------End of Script----------------

14:48:34 INFO  : Memory regions updated for context APU
14:48:34 INFO  : Context for processor 'ps7_cortexa9_0' is selected.
14:48:34 INFO  : 'con' command is executed.
14:48:34 INFO  : ----------------XSDB Script (After Launch)----------------
targets -set -nocase -filter {name =~ "ARM*#0" && jtag_cable_name =~ "Digilent Zed 210248570491"} -index 0
con
----------------End of Script----------------

14:49:09 INFO  : Disconnected from the channel tcfchan#3.
14:49:09 INFO  : Connected to target on host '127.0.0.1' and port '3121'.
14:49:09 INFO  : 'targets -set -filter {jtag_cable_name =~ "Digilent Zed 210248570491" && level==0} -index 1' command is executed.
14:49:09 INFO  : 'fpga -state' command is executed.
14:49:09 INFO  : Connected to target on host '127.0.0.1' and port '3121'.
14:49:09 INFO  : 'targets -set -filter {name =~"APU" && jtag_cable_name =~ "Digilent Zed 210248570491"} -index 0' command is executed.
14:49:13 INFO  : Mermory regions for PS have been updated.
14:49:13 INFO  : Sourcing of '/home/INTRA/guyild/workspace/lab3/vivado/lab3.sdk/Lab3_wrapper_hw_platform_0/ps7_init.tcl' is done.
14:49:13 INFO  : 'targets -set -filter {name =~"APU" && jtag_cable_name =~ "Digilent Zed 210248570491"} -index 0' command is executed.
14:49:14 INFO  : 'ps7_init' command is executed.
14:49:14 INFO  : 'ps7_post_config' command is executed.
14:49:14 INFO  : Context for processor 'ps7_cortexa9_0' is selected.
14:49:14 INFO  : Processor reset is completed for 'ps7_cortexa9_0'.
14:49:15 INFO  : Context for processor 'ps7_cortexa9_0' is selected.
14:49:15 INFO  : The application '/home/INTRA/guyild/workspace/lab3/vivado/lab3.sdk/HelloMultiplierIRQ/Debug/HelloMultiplierIRQ.elf' is downloaded to processor 'ps7_cortexa9_0'.
14:49:15 INFO  : ----------------XSDB Script----------------
connect -url tcp:127.0.0.1:3121
targets -set -filter {name =~"APU" && jtag_cable_name =~ "Digilent Zed 210248570491"} -index 0
memmap -addr 1136656384 -size 65536 -flags 3
memmap -addr 4160782336 -size 4096 -flags 3
memmap -addr 4160786432 -size 4096 -flags 3
memmap -addr 4160790528 -size 4096 -flags 3
memmap -addr 4160794624 -size 4096 -flags 3
memmap -addr 4169138176 -size 1048576 -flags 3
memmap -addr 1048576 -size 535822336 -flags 3
memmap -addr 4160774144 -size 4096 -flags 3
memmap -addr 4160778240 -size 256 -flags 3
memmap -addr 4160765952 -size 4096 -flags 3
memmap -addr 4160761856 -size 4096 -flags 3
memmap -addr 3758141440 -size 4096 -flags 3
memmap -addr 4176478720 -size 256 -flags 3
memmap -addr 3758137344 -size 4096 -flags 3
memmap -addr 4170186752 -size 1048576 -flags 3
memmap -addr 4176482304 -size 4096 -flags 3
memmap -addr 3760193536 -size 4096 -flags 3
memmap -addr 4176486400 -size 4096 -flags 3
memmap -addr 4160798720 -size 4096 -flags 3
memmap -addr 4176486400 -size 4096 -flags 3
memmap -addr 4169732096 -size 4096 -flags 3
memmap -addr 3758149632 -size 4096 -flags 3
memmap -addr 4227858432 -size 16777216 -flags 3
memmap -addr 0 -size 196608 -flags 3
memmap -addr 4294901760 -size 65024 -flags 3
memmap -addr 4176478208 -size 253 -flags 3
memmap -addr 4176482304 -size 4096 -flags 3
memmap -addr 4176479744 -size 32 -flags 3
memmap -addr 4176479776 -size 224 -flags 3
memmap -addr 3759144960 -size 4096 -flags 3
memmap -addr 4160749568 -size 4096 -flags 3
memmap -addr 4160753664 -size 4096 -flags 3
memmap -addr 3758100480 -size 4096 -flags 3
memmap -addr 3758104576 -size 4096 -flags 3
memmap -addr 4160778496 -size 33 -flags 3
source /home/INTRA/guyild/workspace/lab3/vivado/lab3.sdk/Lab3_wrapper_hw_platform_0/ps7_init.tcl
targets -set -filter {name =~"APU" && jtag_cable_name =~ "Digilent Zed 210248570491"} -index 0
ps7_init
ps7_post_config
targets -set -nocase -filter {name =~ "ARM*#0" && jtag_cable_name =~ "Digilent Zed 210248570491"} -index 0
rst -processor
targets -set -nocase -filter {name =~ "ARM*#0" && jtag_cable_name =~ "Digilent Zed 210248570491"} -index 0
dow /home/INTRA/guyild/workspace/lab3/vivado/lab3.sdk/HelloMultiplierIRQ/Debug/HelloMultiplierIRQ.elf
----------------End of Script----------------

14:49:15 INFO  : Memory regions updated for context APU
14:49:15 INFO  : Context for processor 'ps7_cortexa9_0' is selected.
14:49:15 INFO  : 'con' command is executed.
14:49:15 INFO  : ----------------XSDB Script (After Launch)----------------
targets -set -nocase -filter {name =~ "ARM*#0" && jtag_cable_name =~ "Digilent Zed 210248570491"} -index 0
con
----------------End of Script----------------

