#-----------------------------------------------------------
# Vivado v2015.1 (64-bit)
# SW Build 1215546 on Mon Apr 27 19:07:21 MDT 2015
# IP Build 1209967 on Tue Apr 21 11:39:20 MDT 2015
# Start of session at: Fri Mar 11 11:23:52 2016
# Process ID: 2781
# Log file: /home/INTRA/guyild/workspace/lab2/vivado.log
# Journal file: /home/INTRA/guyild/workspace/lab2/vivado.jou
#-----------------------------------------------------------
start_gui
create_project lab2 /home/INTRA/guyild/workspace/lab2/vivado -part xc7z020clg484-1
INFO: [IP_Flow 19-234] Refreshing IP repositories
INFO: [IP_Flow 19-1704] No user IP repositories specified
INFO: [IP_Flow 19-2313] Loaded Vivado IP repository '/cad/x_15/Vivado/2015.1/data/ip'.
set_property board_part em.avnet.com:zed:part0:1.3 [current_project]
set_property target_language VHDL [current_project]
create_bd_design "Lab2_SoC"
Wrote  : </home/INTRA/guyild/workspace/lab2/vivado/lab2.srcs/sources_1/bd/Lab2_SoC/Lab2_SoC.bd> 
startgroup
create_bd_cell -type ip -vlnv xilinx.com:ip:processing_system7:5.5 processing_system7_0
endgroup
apply_bd_automation -rule xilinx.com:bd_rule:processing_system7 -config {make_external "FIXED_IO, DDR" apply_board_preset "1" Master "Disable" Slave "Disable" }  [get_bd_cells processing_system7_0]
connect_bd_net [get_bd_pins processing_system7_0/FCLK_CLK0] [get_bd_pins processing_system7_0/M_AXI_GP0_ACLK]
startgroup
create_bd_cell -type ip -vlnv xilinx.com:ip:axi_gpio:2.0 axi_gpio_0
endgroup
startgroup
apply_bd_automation -rule xilinx.com:bd_rule:axi4 -config {Master "/processing_system7_0/M_AXI_GP0" Clk "Auto" }  [get_bd_intf_pins axi_gpio_0/S_AXI]
INFO: [Ipptcl 7-578] No Compatible Board Interface found.Board Tab not created
</axi_gpio_0/S_AXI/Reg> is being mapped into </processing_system7_0/Data> at <0x41200000[ 64K ]>
apply_bd_automation -rule xilinx.com:bd_rule:board -config {Board_Interface "btns_5bits" }  [get_bd_intf_pins axi_gpio_0/GPIO]
INFO: [board_rule:/axi_gpio_0-100] set_property CONFIG.USE_BOARD_FLOW true [get_bd_cells /axi_gpio_0]
INFO: [board_rule:/axi_gpio_0-100] set_property CONFIG.GPIO_BOARD_INTERFACE btns_5bits [get_bd_cells /axi_gpio_0]
INFO: [board_rule:/axi_gpio_0-100] create_bd_intf_port -mode Master -vlnv xilinx.com:interface:gpio_rtl:1.0 btns_5bits
INFO: [board_rule:/axi_gpio_0-100] connect_bd_intf_net /btns_5bits /axi_gpio_0/GPIO
endgroup
regenerate_bd_layout
validate_bd_design
validate_bd_design: Time (s): cpu = 00:00:06 ; elapsed = 00:00:05 . Memory (MB): peak = 6082.945 ; gain = 0.000 ; free physical = 12131 ; free virtual = 15500
make_wrapper -files [get_files /home/INTRA/guyild/workspace/lab2/vivado/lab2.srcs/sources_1/bd/Lab2_SoC/Lab2_SoC.bd] -top
INFO: [BD 41-1662] The design 'Lab2_SoC.bd' is already validated. Therefore parameter propagation will not be re-run.
VHDL Output written to : /home/INTRA/guyild/workspace/lab2/vivado/lab2.srcs/sources_1/bd/Lab2_SoC/hdl/Lab2_SoC.vhd
VHDL Output written to : /home/INTRA/guyild/workspace/lab2/vivado/lab2.srcs/sources_1/bd/Lab2_SoC/hdl/Lab2_SoC_wrapper.vhd
Wrote  : </home/INTRA/guyild/workspace/lab2/vivado/lab2.srcs/sources_1/bd/Lab2_SoC/Lab2_SoC.bd> 
add_files -norecurse /home/INTRA/guyild/workspace/lab2/vivado/lab2.srcs/sources_1/bd/Lab2_SoC/hdl/Lab2_SoC_wrapper.vhd
update_compile_order -fileset sources_1
update_compile_order -fileset sim_1
save_bd_design
Wrote  : </home/INTRA/guyild/workspace/lab2/vivado/lab2.srcs/sources_1/bd/Lab2_SoC/Lab2_SoC.bd> 
launch_runs impl_1 -to_step write_bitstream
INFO: [BD 41-1662] The design 'Lab2_SoC.bd' is already validated. Therefore parameter propagation will not be re-run.
VHDL Output written to : /home/INTRA/guyild/workspace/lab2/vivado/lab2.srcs/sources_1/bd/Lab2_SoC/hdl/Lab2_SoC.vhd
VHDL Output written to : /home/INTRA/guyild/workspace/lab2/vivado/lab2.srcs/sources_1/bd/Lab2_SoC/hdl/Lab2_SoC_wrapper.vhd
Wrote  : </home/INTRA/guyild/workspace/lab2/vivado/lab2.srcs/sources_1/bd/Lab2_SoC/Lab2_SoC.bd> 
INFO: [IP_Flow 19-1686] Generating 'Synthesis' target for IP 'Lab2_SoC_processing_system7_0_0'...
INFO: [BD 41-1029] Generation completed for the IP Integrator block processing_system7_0 .
INFO: [IP_Flow 19-1686] Generating 'Synthesis' target for IP 'Lab2_SoC_axi_gpio_0_0'...
INFO: [IP_Flow 19-1686] Generating 'Implementation' target for IP 'Lab2_SoC_axi_gpio_0_0'...
INFO: [BD 41-1029] Generation completed for the IP Integrator block axi_gpio_0 .
INFO: [IP_Flow 19-1686] Generating 'Synthesis' target for IP 'Lab2_SoC_rst_processing_system7_0_100M_0'...
INFO: [IP_Flow 19-1686] Generating 'Implementation' target for IP 'Lab2_SoC_rst_processing_system7_0_100M_0'...
INFO: [BD 41-1029] Generation completed for the IP Integrator block rst_processing_system7_0_100M .
INFO: [IP_Flow 19-1686] Generating 'Synthesis' target for IP 'Lab2_SoC_auto_pc_0'...
WARNING: [IP_Flow 19-1687] The current project language is set to VHDL. However IP 'Lab2_SoC_auto_pc_0' does not support 'VHDL Synthesis' output products, delivering 'Verilog Synthesis' output products instead.
INFO: [BD 41-1029] Generation completed for the IP Integrator block processing_system7_0_axi_periph/s00_couplers/auto_pc .
INFO: [BD 41-1379] This design does not contain any processor.
Exporting to file /home/INTRA/guyild/workspace/lab2/vivado/lab2.srcs/sources_1/bd/Lab2_SoC/hw_handoff/Lab2_SoC.hwh
Generated Block Design Tcl file /home/INTRA/guyild/workspace/lab2/vivado/lab2.srcs/sources_1/bd/Lab2_SoC/hw_handoff/Lab2_SoC_bd.tcl
Generated Hardware Definition File /home/INTRA/guyild/workspace/lab2/vivado/lab2.srcs/sources_1/bd/Lab2_SoC/hdl/Lab2_SoC.hwdef
INFO: [BD 41-1662] The design 'Lab2_SoC.bd' is already validated. Therefore parameter propagation will not be re-run.
VHDL Output written to : /home/INTRA/guyild/workspace/lab2/vivado/lab2.srcs/sources_1/bd/Lab2_SoC/hdl/Lab2_SoC.vhd
VHDL Output written to : /home/INTRA/guyild/workspace/lab2/vivado/lab2.srcs/sources_1/bd/Lab2_SoC/hdl/Lab2_SoC_wrapper.vhd
Wrote  : </home/INTRA/guyild/workspace/lab2/vivado/lab2.srcs/sources_1/bd/Lab2_SoC/Lab2_SoC.bd> 
INFO: [IP_Flow 19-1706] Not generating 'Synthesis' target for IP 'Lab2_SoC_processing_system7_0_0'. Target already exists and is up to date.
INFO: [BD 41-1029] Generation completed for the IP Integrator block processing_system7_0 .
INFO: [IP_Flow 19-1706] Not generating 'Synthesis' target for IP 'Lab2_SoC_axi_gpio_0_0'. Target already exists and is up to date.
INFO: [IP_Flow 19-1706] Not generating 'Implementation' target for IP 'Lab2_SoC_axi_gpio_0_0'. Target already exists and is up to date.
INFO: [IP_Flow 19-1706] Not generating 'Implementation' target for IP 'Lab2_SoC_axi_gpio_0_0'. Target already exists and is up to date.
INFO: [BD 41-1029] Generation completed for the IP Integrator block axi_gpio_0 .
INFO: [IP_Flow 19-1706] Not generating 'Synthesis' target for IP 'Lab2_SoC_rst_processing_system7_0_100M_0'. Target already exists and is up to date.
INFO: [IP_Flow 19-1706] Not generating 'Implementation' target for IP 'Lab2_SoC_rst_processing_system7_0_100M_0'. Target already exists and is up to date.
INFO: [IP_Flow 19-1706] Not generating 'Implementation' target for IP 'Lab2_SoC_rst_processing_system7_0_100M_0'. Target already exists and is up to date.
INFO: [BD 41-1029] Generation completed for the IP Integrator block rst_processing_system7_0_100M .
INFO: [IP_Flow 19-1706] Not generating 'Synthesis' target for IP 'Lab2_SoC_auto_pc_0'. Target already exists and is up to date.
INFO: [BD 41-1029] Generation completed for the IP Integrator block processing_system7_0_axi_periph/s00_couplers/auto_pc .
INFO: [BD 41-1379] This design does not contain any processor.
Exporting to file /home/INTRA/guyild/workspace/lab2/vivado/lab2.srcs/sources_1/bd/Lab2_SoC/hw_handoff/Lab2_SoC.hwh
Generated Block Design Tcl file /home/INTRA/guyild/workspace/lab2/vivado/lab2.srcs/sources_1/bd/Lab2_SoC/hw_handoff/Lab2_SoC_bd.tcl
Generated Hardware Definition File /home/INTRA/guyild/workspace/lab2/vivado/lab2.srcs/sources_1/bd/Lab2_SoC/hdl/Lab2_SoC.hwdef
[Fri Mar 11 11:50:52 2016] Launched synth_1...
Run output will be captured here: /home/INTRA/guyild/workspace/lab2/vivado/lab2.runs/synth_1/runme.log
[Fri Mar 11 11:50:52 2016] Launched impl_1...
Run output will be captured here: /home/INTRA/guyild/workspace/lab2/vivado/lab2.runs/impl_1/runme.log
launch_runs: Time (s): cpu = 00:00:25 ; elapsed = 00:00:24 . Memory (MB): peak = 6082.945 ; gain = 0.000 ; free physical = 11997 ; free virtual = 15403
open_run impl_1
INFO: [Netlist 29-17] Analyzing 23 Unisim elements for replacement
INFO: [Netlist 29-28] Unisim Transformation completed in 0 CPU seconds
INFO: [Project 1-479] Netlist was created with Vivado 2015.1
INFO: [Device 21-403] Loading part xc7z020clg484-1
INFO: [Project 1-570] Preparing netlist for logic optimization
Parsing XDC File [/home/INTRA/guyild/workspace/lab2/.Xil/Vivado-2781-fx5.pld.ttu.ee/dcp/Lab2_SoC_wrapper_early.xdc]
Finished Parsing XDC File [/home/INTRA/guyild/workspace/lab2/.Xil/Vivado-2781-fx5.pld.ttu.ee/dcp/Lab2_SoC_wrapper_early.xdc]
Reading XDEF placement.
Reading placer database...
Reading XDEF routing.
Read XDEF File: Time (s): cpu = 00:00:00.20 ; elapsed = 00:00:00.20 . Memory (MB): peak = 6182.055 ; gain = 0.000 ; free physical = 11735 ; free virtual = 15230
Restored from archive | CPU: 0.210000 secs | Memory: 1.162354 MB |
Finished XDEF File Restore: Time (s): cpu = 00:00:00.20 ; elapsed = 00:00:00.20 . Memory (MB): peak = 6182.055 ; gain = 0.000 ; free physical = 11735 ; free virtual = 15230
INFO: [Project 1-111] Unisim Transformation Summary:
No Unisim elements were transformed.

open_run: Time (s): cpu = 00:00:19 ; elapsed = 00:00:12 . Memory (MB): peak = 6326.688 ; gain = 243.742 ; free physical = 11604 ; free virtual = 15098
file mkdir /home/INTRA/guyild/workspace/lab2/vivado/lab2.sdk
file copy -force /home/INTRA/guyild/workspace/lab2/vivado/lab2.runs/impl_1/Lab2_SoC_wrapper.sysdef /home/INTRA/guyild/workspace/lab2/vivado/lab2.sdk/Lab2_SoC_wrapper.hdf

launch_sdk -workspace /home/INTRA/guyild/workspace/lab2/vivado/lab2.sdk -hwspec /home/INTRA/guyild/workspace/lab2/vivado/lab2.sdk/Lab2_SoC_wrapper.hdf
INFO: [Vivado 12-393] Launching SDK...
INFO: [Vivado 12-417] Running xsdk -workspace /home/INTRA/guyild/workspace/lab2/vivado/lab2.sdk -hwspec /home/INTRA/guyild/workspace/lab2/vivado/lab2.sdk/Lab2_SoC_wrapper.hdf
INFO: [Vivado 12-3157] SDK launch initiated. Please check console for any further messages.
